[Licensing::Module] Trying to connect to existing licensing client channel...
Built from '6000.2/staging' branch; Version is '6000.2.5f1 (43d04cd1df69) revision 4444236'; Using compiler version '194234433'; Build Type 'Release'
[Licensing::IpcConnector] Successfully connected to: "LicenseClient-gk" at "2025-10-10T08:29:49.5361631Z"
OS: 'Windows 10  (10.0.19045) 64bit Professional' Language: 'en' Physical Memory: 7889 MB
BatchMode: 1, IsHumanControllingUs: 0, StartBugReporterOnCrash: 0, Is64bit: 1
Date: 2025-10-10T08:29:49Z

COMMAND LINE ARGUMENTS:
D:\unity\6000.2.5f1\Editor\Unity.exe
-adb2
-batchMode
-noUpm
-name
AssetImportWorker0
-projectPath
D:/SideProject/RocketLanderProject/RocketProject
-logFile
Logs/AssetImportWorker0.log
-srvPort
55065
-licensingIpc
LicenseClient-gk
-job-worker-count
1
-background-job-worker-count
8
-gc-helper-count
1
-name
AssetImport
Successfully changed project path to: D:/SideProject/RocketLanderProject/RocketProject
D:/SideProject/RocketLanderProject/RocketProject
[UnityMemory] Configuration Parameters - Can be set up in boot.config
    "memorysetup-allocator-temp-initial-block-size-main=262144"
    "memorysetup-allocator-temp-initial-block-size-worker=262144"
    "memorysetup-bucket-allocator-granularity=16"
    "memorysetup-bucket-allocator-bucket-count=8"
    "memorysetup-bucket-allocator-block-size=33554432"
    "memorysetup-bucket-allocator-block-count=8"
    "memorysetup-main-allocator-block-size=16777216"
    "memorysetup-thread-allocator-block-size=16777216"
    "memorysetup-gfx-main-allocator-block-size=16777216"
    "memorysetup-gfx-thread-allocator-block-size=16777216"
    "memorysetup-cache-allocator-block-size=4194304"
    "memorysetup-typetree-allocator-block-size=2097152"
    "memorysetup-profiler-bucket-allocator-granularity=16"
    "memorysetup-profiler-bucket-allocator-bucket-count=8"
    "memorysetup-profiler-bucket-allocator-block-size=33554432"
    "memorysetup-profiler-bucket-allocator-block-count=8"
    "memorysetup-profiler-allocator-block-size=16777216"
    "memorysetup-profiler-editor-allocator-block-size=1048576"
    "memorysetup-temp-allocator-size-main=16777216"
    "memorysetup-job-temp-allocator-block-size=2097152"
    "memorysetup-job-temp-allocator-block-size-background=1048576"
    "memorysetup-job-temp-allocator-reduction-small-platforms=262144"
    "memorysetup-temp-allocator-size-background-worker=32768"
    "memorysetup-temp-allocator-size-job-worker=262144"
    "memorysetup-temp-allocator-size-preload-manager=33554432"
    "memorysetup-temp-allocator-size-nav-mesh-worker=65536"
    "memorysetup-temp-allocator-size-audio-worker=65536"
    "memorysetup-temp-allocator-size-cloud-worker=32768"
    "memorysetup-temp-allocator-size-gi-baking-worker=262144"
    "memorysetup-temp-allocator-size-gi-baking-worker=262144"
    "memorysetup-temp-allocator-size-gi-baking-worker=262144"
    "memorysetup-temp-allocator-size-gi-baking-worker=262144"
    "memorysetup-temp-allocator-size-gi-baking-worker=262144"
    "memorysetup-temp-allocator-size-gfx=262144"
Player connection [1736]  Target information:

Player connection [1736]  * "[IP] 192.168.2.6 [Port] 0 [Flags] 2 [Guid] 2704074800 [EditorId] 2704074800 [Version] 1048832 [Id] WindowsEditor(7,DESKTOP-9DU7QTN) [Debug] 1 [PackageName] WindowsEditor [ProjectName] Editor" 

Player connection [1736] Host joined multi-casting on [225.0.0.222:54997]...
Player connection [1736] Host joined alternative multi-casting on [225.0.0.222:34997]...
JobSystem: Creating JobQueue using job-worker-count value 1
Input System module state changed to: Initialized.
[Physics::Module] Initialized fallback backend.
[Physics::Module] Id: 0xdecafbad
Library Redirect Path: Library/
[Licensing::Client] Code 10 while verifying Licensing Client signature (process Id: 10612, path: "D:/unity/Unity Hub/UnityLicensingClient_V1/Unity.Licensing.Client.exe")
[Licensing::Module] LicensingClient has failed validation; ignoring
[Licensing::Client] Error: HandshakeResponse reported an error:
	ResponseCode: 505
	ResponseStatus: Unsupported protocol version '1.17.2'.
[Licensing::Module] Error: Failed to handshake to channel: "LicenseClient-gk"
[Licensing::IpcConnector] LicenseClient-gk channel disconnected successfully.
[Licensing::IpcConnector] Successfully connected to: "LicenseClient-gk-6000.2.5" at "2025-10-10T08:29:49.8308255Z"
[Licensing::Client] Code 10 while verifying Licensing Client signature (process Id: 11284, path: "D:/unity/6000.2.5f1/Editor/Data/Resources/Licensing/Client/Unity.Licensing.Client.exe")
[Licensing::Module] LicensingClient has failed validation; ignoring
[Licensing::Client] Handshaking with LicensingClient:
  Version:                 1.17.2+ff71f16
  Session Id:              b0bcb2f694564eb29a7bf6ba54ec16ca
  Correlation Id:          bc1d456ab331bdd0ce08a0bf979a7dff
  External correlation Id: 5245183413188720523
  Machine Id:              3EC3B8HSQ+t6NWp1zinZheWVMl0=
[Licensing::Module] Successfully connected to LicensingClient on channel: "LicenseClient-gk-6000.2.5" (connect: 0.01s, validation: 0.00s, handshake: 0.05s)
[Licensing::IpcConnector] Successfully connected to: "LicenseClient-gk-6000.2.5-notifications" at "2025-10-10T08:29:49.8905182Z"
[Licensing::Module] Licensing Background thread has ended after 0.36s
[Physics::Module] Selected backend.
[Physics::Module] Name: PhysX
[Physics::Module] Id: 0xf2b8ea05
[Physics::Module] SDK Version: 4.1.2
[Physics::Module] Integration Version: 1.0.0
[Physics::Module] Threading Mode: Multi-Threaded
Refreshing native plugins compatible for Editor in 477.45 ms, found 4 plugins.
Preloading 0 native plugins for Editor in 0.00 ms.
Initialize engine version: 6000.2.5f1 (43d04cd1df69)
[Subsystems] Discovering subsystems at path D:/unity/6000.2.5f1/Editor/Data/Resources/UnitySubsystems
[Subsystems] Discovering subsystems at path D:/SideProject/RocketLanderProject/RocketProject/Assets
GfxDevice: creating device client; kGfxThreadingModeNonThreaded
d3d12: failed to create D3D12 device (0x887a0004).
GfxDevice: creating device client; kGfxThreadingModeNonThreaded
Direct3D:
    Version:  Direct3D 11.0 [level 11.0]
    Renderer: Intel(R) HD Graphics 4000 (ID=0x166)
    Vendor:   Intel
    VRAM:     128 MB
    Driver:   10.18.10.4252
Shader Hidden/ProbeVolume/VoxelizeScene is not supported: GPU does not support conservative rasterization
Initialize mono
Mono path[0] = 'D:/unity/6000.2.5f1/Editor/Data/Managed'
Mono path[1] = 'D:/unity/6000.2.5f1/Editor/Data/MonoBleedingEdge/lib/mono/unityjit-win32'
Mono config path = 'D:/unity/6000.2.5f1/Editor/Data/MonoBleedingEdge/etc'
Using monoOptions --debugger-agent=transport=dt_socket,embedding=1,server=y,suspend=n,address=127.0.0.1:56236
Begin MonoManager ReloadAssembly
Registering precompiled unity dll's ...
Register platform support module: D:/unity/6000.2.5f1/Editor/Data/PlaybackEngines/WindowsStandaloneSupport/UnityEditor.WindowsStandalone.Extensions.dll
Registered in 0.006118 seconds.
- Loaded All Assemblies, in  1.082 seconds
Native extension for WindowsStandalone target not found
Mono: successfully reloaded assembly
- Finished resetting the current domain, in  1.318 seconds
Domain Reload Profiling: 2402ms
	BeginReloadAssembly (455ms)
		ExecutionOrderSort (0ms)
		DisableScriptedObjects (0ms)
		BackupInstance (0ms)
		ReleaseScriptingObjects (0ms)
		CreateAndSetChildDomain (2ms)
	RebuildCommonClasses (130ms)
	RebuildNativeTypeToScriptingClass (43ms)
	initialDomainReloadingComplete (99ms)
	LoadAllAssembliesAndSetupDomain (354ms)
		LoadAssemblies (453ms)
		RebuildTransferFunctionScriptingTraits (0ms)
		AnalyzeDomain (349ms)
			TypeCache.Refresh (347ms)
				TypeCache.ScanAssembly (325ms)
			BuildScriptInfoCaches (0ms)
			ResolveRequiredComponents (1ms)
	FinalizeReload (1321ms)
		ReleaseScriptCaches (0ms)
		RebuildScriptCaches (0ms)
		SetupLoadedEditorAssemblies (1189ms)
			LogAssemblyErrors (0ms)
			InitializePlatformSupportModulesInManaged (83ms)
			SetLoadedEditorAssemblies (7ms)
			BeforeProcessingInitializeOnLoad (464ms)
			ProcessInitializeOnLoadAttributes (417ms)
			ProcessInitializeOnLoadMethodAttributes (216ms)
			AfterProcessingInitializeOnLoad (0ms)
			EditorAssembliesLoaded (0ms)
		ExecutionOrderSort2 (0ms)
		AwakeInstancesAfterBackupRestoration (0ms)
Assembly reference Packages/com.unity.cinemachine/Editor/Samples/ExposeHDRPInternals/HDRP-Editor-ref.asmref has no target assembly definition
========================================================================
Worker process is ready to serve import requests
Import Worker Mode flag is 0x00
Assembly reference Packages/com.unity.cinemachine/Editor/Samples/ExposeHDRPInternals/HDRP-Editor-ref.asmref has no target assembly definition
Assembly reference Packages/com.unity.cinemachine/Editor/Samples/ExposeHDRPInternals/HDRP-Editor-ref.asmref has no target assembly definition
Begin MonoManager ReloadAssembly
[Licensing::Client] Successfully resolved entitlement details
[Licensing::Module] License group:
  Id: F4-RVRV-NQZN-7WZ2-Q87B-XXXX
  Product: Unity Personal
  Type: ULF
  Expiration: 2025-11-17T09:02:15Z
[Licensing::Module] License group:
  Id: 18968236159782-UnityPersXXXX
  Product: Unity Personal
  Type: Assigned
  Expiration: Unlimited
- Loaded All Assemblies, in  2.362 seconds
Assembly reference Packages/com.unity.cinemachine/Editor/Samples/ExposeHDRPInternals/HDRP-Editor-ref.asmref has no target assembly definition
'Packages/com.unity.cinemachine/Editor/Obsolete/CinemachineVirtualCameraBaseEditor.cs' contains partial class of Unity.Object, exactly 1 of the partial classes needs to be in a file with the same filename. This is to know the one that can be referenced from ie. GameObjects
'Packages/com.unity.cinemachine/Editor/Editors/CinemachineVirtualCameraBaseEditor.cs' contains partial class of Unity.Object, exactly 1 of the partial classes needs to be in a file with the same filename. This is to know the one that can be referenced from ie. GameObjects
Refreshing native plugins compatible for Editor in 3.73 ms, found 4 plugins.
Native extension for WindowsStandalone target not found
Assembly reference Packages/com.unity.cinemachine/Editor/Samples/ExposeHDRPInternals/HDRP-Editor-ref.asmref has no target assembly definition
Package Manager log level set to [2]
[Package Manager] Failed to launch server process. Reason: Unity was launched with the -noUpm command-line argument
[Package Manager] Unable to send message (not connected to server process).
[Package Manager] Cannot connect to Unity Package Manager local server
[Package Manager] Failed to launch server process. Reason: Unity was launched with the -noUpm command-line argument
[Package Manager] Unable to send message (not connected to server process).
[Package Manager] Cannot connect to Unity Package Manager local server
Mono: successfully reloaded assembly
- Finished resetting the current domain, in  2.328 seconds
Domain Reload Profiling: 4687ms
	BeginReloadAssembly (494ms)
		ExecutionOrderSort (0ms)
		DisableScriptedObjects (23ms)
		BackupInstance (0ms)
		ReleaseScriptingObjects (0ms)
		CreateAndSetChildDomain (71ms)
	RebuildCommonClasses (94ms)
	RebuildNativeTypeToScriptingClass (29ms)
	initialDomainReloadingComplete (93ms)
	LoadAllAssembliesAndSetupDomain (1648ms)
		LoadAssemblies (1164ms)
		RebuildTransferFunctionScriptingTraits (0ms)
		AnalyzeDomain (740ms)
			TypeCache.Refresh (540ms)
				TypeCache.ScanAssembly (509ms)
			BuildScriptInfoCaches (160ms)
			ResolveRequiredComponents (32ms)
	FinalizeReload (2329ms)
		ReleaseScriptCaches (0ms)
		RebuildScriptCaches (0ms)
		SetupLoadedEditorAssemblies (1907ms)
			LogAssemblyErrors (0ms)
			InitializePlatformSupportModulesInManaged (5ms)
			SetLoadedEditorAssemblies (11ms)
			BeforeProcessingInitializeOnLoad (441ms)
			ProcessInitializeOnLoadAttributes (1123ms)
			ProcessInitializeOnLoadMethodAttributes (320ms)
			AfterProcessingInitializeOnLoad (7ms)
			EditorAssembliesLoaded (1ms)
		ExecutionOrderSort2 (0ms)
		AwakeInstancesAfterBackupRestoration (24ms)
Shader Hidden/ProbeVolume/VoxelizeScene is not supported: GPU does not support conservative rasterization
Launched and connected shader compiler UnityShaderCompiler.exe after 0.04 seconds
Refreshing native plugins compatible for Editor in 7.79 ms, found 4 plugins.
Preloading 0 native plugins for Editor in 0.00 ms.
Unloading 15 Unused Serialized files (Serialized files now loaded: 0)
Unloading 7155 unused Assets / (4.7 MB). Loaded Objects now: 7879.
Memory consumption went from 134.2 MB to 129.5 MB.
Total: 23.838000 ms (FindLiveObjects: 1.977700 ms CreateObjectMapping: 2.108500 ms MarkObjects: 13.742900 ms  DeleteObjects: 6.005800 ms)

========================================================================
Received Import Request.
  Time since last request: 8815.265267 seconds.
  path: Assets/Prefabs/LandingPad_x5.prefab
  artifactKey: Guid(d419674ef55542a46a6982c3ffe47b6e) Importer(815301076,1909f56bfc062723c751e8b465ee728b)
Start importing Assets/Prefabs/LandingPad_x5.prefab using Guid(d419674ef55542a46a6982c3ffe47b6e) Importer(815301076,1909f56bfc062723c751e8b465ee728b) (PreviewImporter) -> (artifact id: '299b051e57cc013a5c69964afb011aa1') in 1.2207162 seconds
Number of updated asset objects reloaded before import = 0Number of asset objects unloaded after import = 49

========================================================================
Received Import Request.
  Time since last request: 0.000073 seconds.
  path: Assets/Prefabs/ShopPad.prefab
  artifactKey: Guid(1b87e077617bbbc41b0dff5453b044b3) Importer(815301076,1909f56bfc062723c751e8b465ee728b)
Start importing Assets/Prefabs/ShopPad.prefab using Guid(1b87e077617bbbc41b0dff5453b044b3) Importer(815301076,1909f56bfc062723c751e8b465ee728b) (PreviewImporter) -> (artifact id: '48b0343f78d2dd3578344fda9bd5502e') in 0.0539351 seconds
Number of updated asset objects reloaded before import = 0Number of asset objects unloaded after import = 31

========================================================================
Received Import Request.
  Time since last request: 0.000086 seconds.
  path: Assets/Prefabs/ExplosionParticleSystem.prefab
  artifactKey: Guid(6417a7f60d478884997c6c9ac491d28a) Importer(815301076,1909f56bfc062723c751e8b465ee728b)
Start importing Assets/Prefabs/ExplosionParticleSystem.prefab using Guid(6417a7f60d478884997c6c9ac491d28a) Importer(815301076,1909f56bfc062723c751e8b465ee728b) (PreviewImporter) -> (artifact id: '02c57b8cefc8306a9eee451ac4282697') in 0.0337168 seconds
Number of updated asset objects reloaded before import = 0Number of asset objects unloaded after import = 8

========================================================================
Received Import Request.
  Time since last request: 0.000039 seconds.
  path: Assets/Prefabs/Fuel.prefab
  artifactKey: Guid(74d3adc2f839b0c4795cf0a21f3e56f7) Importer(815301076,1909f56bfc062723c751e8b465ee728b)
Start importing Assets/Prefabs/Fuel.prefab using Guid(74d3adc2f839b0c4795cf0a21f3e56f7) Importer(815301076,1909f56bfc062723c751e8b465ee728b) (PreviewImporter) -> (artifact id: '76b0d02660e54f1902150aae36bbf888') in 0.0362771 seconds
Number of updated asset objects reloaded before import = 0Number of asset objects unloaded after import = 11

========================================================================
Received Import Request.
  Time since last request: 0.000063 seconds.
  path: Assets/Prefabs/Level_2.prefab
  artifactKey: Guid(e1d86a09335e3ce459b3d292b842061f) Importer(815301076,1909f56bfc062723c751e8b465ee728b)
Start importing Assets/Prefabs/Level_2.prefab using Guid(e1d86a09335e3ce459b3d292b842061f) Importer(815301076,1909f56bfc062723c751e8b465ee728b) (PreviewImporter) -> (artifact id: 'd63119d081580f854d5c10c4735a4e75') in 0.0853475 seconds
Number of updated asset objects reloaded before import = 0Number of asset objects unloaded after import = 173

========================================================================
Received Import Request.
  Time since last request: 0.000066 seconds.
  path: Assets/Prefabs/Level_1.prefab
  artifactKey: Guid(251d5d70da4e1534b9522480f128c8ec) Importer(815301076,1909f56bfc062723c751e8b465ee728b)
Start importing Assets/Prefabs/Level_1.prefab using Guid(251d5d70da4e1534b9522480f128c8ec) Importer(815301076,1909f56bfc062723c751e8b465ee728b) (PreviewImporter) -> (artifact id: 'bde9c0f44d1ffc3419b7e4e556e1f42c') in 0.0800719 seconds
Number of updated asset objects reloaded before import = 0Number of asset objects unloaded after import = 192

========================================================================
Received Import Request.
  Time since last request: 0.000054 seconds.
  path: Assets/Scenes/InGameScene.unity
  artifactKey: Guid(8c9cfa26abfee488c85f1582747f6a02) Importer(815301076,1909f56bfc062723c751e8b465ee728b)
Start importing Assets/Scenes/InGameScene.unity using Guid(8c9cfa26abfee488c85f1582747f6a02) Importer(815301076,1909f56bfc062723c751e8b465ee728b) (PreviewImporter) -> (artifact id: '306cac7c8080ba582820377a3714f00d') in 0.0009402 seconds
Number of updated asset objects reloaded before import = 0Number of asset objects unloaded after import = 0

========================================================================
Received Import Request.
  Time since last request: 0.000055 seconds.
  path: Assets/Prefabs/LandingPad.prefab
  artifactKey: Guid(4bec5a62d9da0fe4588669af6b603ea7) Importer(815301076,1909f56bfc062723c751e8b465ee728b)
Start importing Assets/Prefabs/LandingPad.prefab using Guid(4bec5a62d9da0fe4588669af6b603ea7) Importer(815301076,1909f56bfc062723c751e8b465ee728b) (PreviewImporter) -> (artifact id: '7a4217b9390d9565d0c131cbe7476dc5') in 0.0636819 seconds
Number of updated asset objects reloaded before import = 0Number of asset objects unloaded after import = 32

========================================================================
Received Import Request.
  Time since last request: 0.000072 seconds.
  path: Assets/Prefabs/MusicManager.prefab
  artifactKey: Guid(bd42f99234586e341a0a49bd92801e97) Importer(815301076,1909f56bfc062723c751e8b465ee728b)
Start importing Assets/Prefabs/MusicManager.prefab using Guid(bd42f99234586e341a0a49bd92801e97) Importer(815301076,1909f56bfc062723c751e8b465ee728b) (PreviewImporter) -> (artifact id: '14f22a19a42b1adbf0a37df323bf1402') in 0.0038171 seconds
Number of updated asset objects reloaded before import = 0Number of asset objects unloaded after import = 6

========================================================================
Received Import Request.
  Time since last request: 0.000051 seconds.
  path: Assets/Prefabs/Coin.prefab
  artifactKey: Guid(f22ca8195bca19840bf648bc7b188b26) Importer(815301076,1909f56bfc062723c751e8b465ee728b)
Start importing Assets/Prefabs/Coin.prefab using Guid(f22ca8195bca19840bf648bc7b188b26) Importer(815301076,1909f56bfc062723c751e8b465ee728b) (PreviewImporter) -> (artifact id: '99d4eb7d987329e9697d4f0a7a06fa1c') in 0.0357962 seconds
Number of updated asset objects reloaded before import = 0Number of asset objects unloaded after import = 12

========================================================================
Received Import Request.
  Time since last request: 0.000045 seconds.
  path: Assets/Prefabs/ThrusterParticleSystem.prefab
  artifactKey: Guid(491bc9f68306cad40a65002e796205eb) Importer(815301076,1909f56bfc062723c751e8b465ee728b)
Start importing Assets/Prefabs/ThrusterParticleSystem.prefab using Guid(491bc9f68306cad40a65002e796205eb) Importer(815301076,1909f56bfc062723c751e8b465ee728b) (PreviewImporter) -> (artifact id: 'e3e1526e9973ae2c276c56d3f8cc2fa4') in 0.030474 seconds
Number of updated asset objects reloaded before import = 0Number of asset objects unloaded after import = 7

========================================================================
Received Import Request.
  Time since last request: 3632.026253 seconds.
  path: Assets/Fonts/VT323-Regular.ttf
  artifactKey: Guid(a7ac779ecb55caf41b49807196f6487f) Importer(815301076,1909f56bfc062723c751e8b465ee728b)
Start importing Assets/Fonts/VT323-Regular.ttf using Guid(a7ac779ecb55caf41b49807196f6487f) Importer(815301076,1909f56bfc062723c751e8b465ee728b) (PreviewImporter) -> (artifact id: '85dced211a4fae223dd4c00c512d9e55') in 0.2817416 seconds
Number of updated asset objects reloaded before import = 0Number of asset objects unloaded after import = 4

========================================================================
Received Import Request.
  Time since last request: 0.000170 seconds.
  path: Assets/Fonts/VT323-Regular SDF.asset
  artifactKey: Guid(30fd7f1dc1df39b4ba461abbf37b996a) Importer(815301076,1909f56bfc062723c751e8b465ee728b)
Start importing Assets/Fonts/VT323-Regular SDF.asset using Guid(30fd7f1dc1df39b4ba461abbf37b996a) Importer(815301076,1909f56bfc062723c751e8b465ee728b) (PreviewImporter) -> (artifact id: '8f541fc2a1c10005ab53b58be6e367e3') in 0.1018548 seconds
Number of updated asset objects reloaded before import = 0Number of asset objects unloaded after import = 4

========================================================================
Received Import Request.
  Time since last request: 1.109081 seconds.
  path: Assets/Prefabs
  artifactKey: Guid(5c6cfd0312abde24bb5cdb4de6b1a926) Importer(815301076,1909f56bfc062723c751e8b465ee728b)
Start importing Assets/Prefabs using Guid(5c6cfd0312abde24bb5cdb4de6b1a926) Importer(815301076,1909f56bfc062723c751e8b465ee728b) (PreviewImporter) -> (artifact id: '56dd21bf90e8be82044100ca40ac2b9a') in 0.0022062 seconds
Number of updated asset objects reloaded before import = 0Number of asset objects unloaded after import = 0

========================================================================
Received Import Request.
  Time since last request: 39.812320 seconds.
  path: Assets/Prefabs/ItemPrefab
  artifactKey: Guid(8b53f2f608d299d4392242d902926c82) Importer(815301076,1909f56bfc062723c751e8b465ee728b)
Start importing Assets/Prefabs/ItemPrefab using Guid(8b53f2f608d299d4392242d902926c82) Importer(815301076,1909f56bfc062723c751e8b465ee728b) (PreviewImporter) -> (artifact id: '4c19eedf56b9d2a474c94d7e7b5b430c') in 0.0008309 seconds
Number of updated asset objects reloaded before import = 0Number of asset objects unloaded after import = 0

========================================================================
Received Import Request.
  Time since last request: 784.911608 seconds.
  path: Assets/Textures/Arrow.png
  artifactKey: Guid(17885eb7fad04b040ac2fbf5d7ed651d) Importer(815301076,1909f56bfc062723c751e8b465ee728b)
Start importing Assets/Textures/Arrow.png using Guid(17885eb7fad04b040ac2fbf5d7ed651d) Importer(815301076,1909f56bfc062723c751e8b465ee728b) (PreviewImporter) -> (artifact id: 'd41dd39b437131c58ff2bf94066f17fc') in 0.082892 seconds
Number of updated asset objects reloaded before import = 0Number of asset objects unloaded after import = 3

========================================================================
Received Import Request.
  Time since last request: 0.000083 seconds.
  path: Assets/Textures/Coin.png
  artifactKey: Guid(5429b7189f8101f4b8ebba83c9bd444b) Importer(815301076,1909f56bfc062723c751e8b465ee728b)
Start importing Assets/Textures/Coin.png using Guid(5429b7189f8101f4b8ebba83c9bd444b) Importer(815301076,1909f56bfc062723c751e8b465ee728b) (PreviewImporter) -> (artifact id: '4e31b30c4f5492a584d641eb04fe7116') in 0.0579518 seconds
Number of updated asset objects reloaded before import = 0Number of asset objects unloaded after import = 3

========================================================================
Received Import Request.
  Time since last request: 0.000068 seconds.
  path: Assets/Textures/Lander.png
  artifactKey: Guid(f020e42a7e458ff48b20a77150a88ee0) Importer(815301076,1909f56bfc062723c751e8b465ee728b)
Start importing Assets/Textures/Lander.png using Guid(f020e42a7e458ff48b20a77150a88ee0) Importer(815301076,1909f56bfc062723c751e8b465ee728b) (PreviewImporter) -> (artifact id: 'ba9a0f154664162d8d839c0e6057be34') in 0.0386046 seconds
Number of updated asset objects reloaded before import = 0Number of asset objects unloaded after import = 3

========================================================================
Received Import Request.
  Time since last request: 0.000078 seconds.
  path: Assets/Textures/Black.png
  artifactKey: Guid(418f07dcb11a9304ebf6cb7c134aff02) Importer(815301076,1909f56bfc062723c751e8b465ee728b)
Start importing Assets/Textures/Black.png using Guid(418f07dcb11a9304ebf6cb7c134aff02) Importer(815301076,1909f56bfc062723c751e8b465ee728b) (PreviewImporter) -> (artifact id: 'd2cdb5d29f8f1f4590c7b9cbb1d1b08f') in 0.0366524 seconds
Number of updated asset objects reloaded before import = 0Number of asset objects unloaded after import = 3

========================================================================
Received Import Request.
  Time since last request: 0.000096 seconds.
  path: Assets/Textures/Banner.png
  artifactKey: Guid(b88af691129974a4bab7c47b185954b8) Importer(815301076,1909f56bfc062723c751e8b465ee728b)
Start importing Assets/Textures/Banner.png using Guid(b88af691129974a4bab7c47b185954b8) Importer(815301076,1909f56bfc062723c751e8b465ee728b) (PreviewImporter) -> (artifact id: '24fce8a87b7a2e59396665e0387d1580') in 0.0581744 seconds
Number of updated asset objects reloaded before import = 0Number of asset objects unloaded after import = 3

========================================================================
Received Import Request.
  Time since last request: 0.000049 seconds.
  path: Assets/Textures/RockBackground.png
  artifactKey: Guid(e4b70b87e6abe2e43b4ad40f32408558) Importer(815301076,1909f56bfc062723c751e8b465ee728b)
Start importing Assets/Textures/RockBackground.png using Guid(e4b70b87e6abe2e43b4ad40f32408558) Importer(815301076,1909f56bfc062723c751e8b465ee728b) (PreviewImporter) -> (artifact id: 'f13923782a140e9a7ae20f53a2438ac8') in 0.0453037 seconds
Number of updated asset objects reloaded before import = 0Number of asset objects unloaded after import = 3

========================================================================
Received Import Request.
  Time since last request: 0.000076 seconds.
  path: Assets/Textures/Logo.png
  artifactKey: Guid(dc96e3ccb2ba4d842bdc0fe57cf87ad1) Importer(815301076,1909f56bfc062723c751e8b465ee728b)
Start importing Assets/Textures/Logo.png using Guid(dc96e3ccb2ba4d842bdc0fe57cf87ad1) Importer(815301076,1909f56bfc062723c751e8b465ee728b) (PreviewImporter) -> (artifact id: '53690df77278a638557f7dab8a7e879b') in 0.0979453 seconds
Number of updated asset objects reloaded before import = 0Number of asset objects unloaded after import = 3

========================================================================
Received Import Request.
  Time since last request: 0.000074 seconds.
  path: Assets/Textures/LandingPad.png
  artifactKey: Guid(88b155990ff07334ebc951db524ae669) Importer(815301076,1909f56bfc062723c751e8b465ee728b)
Start importing Assets/Textures/LandingPad.png using Guid(88b155990ff07334ebc951db524ae669) Importer(815301076,1909f56bfc062723c751e8b465ee728b) (PreviewImporter) -> (artifact id: 'a7ebf91f50f4aeed115fe29f77f3b02c') in 0.0448432 seconds
Number of updated asset objects reloaded before import = 0Number of asset objects unloaded after import = 3

========================================================================
Received Import Request.
  Time since last request: 0.000054 seconds.
  path: Assets/Textures/Fuel.png
  artifactKey: Guid(f473af7628d6ad142a34c78d8401abf9) Importer(815301076,1909f56bfc062723c751e8b465ee728b)
Start importing Assets/Textures/Fuel.png using Guid(f473af7628d6ad142a34c78d8401abf9) Importer(815301076,1909f56bfc062723c751e8b465ee728b) (PreviewImporter) -> (artifact id: '7e4096951dce2db70fd6bb4a59bb3188') in 0.0497385 seconds
Number of updated asset objects reloaded before import = 0Number of asset objects unloaded after import = 3

========================================================================
Received Import Request.
  Time since last request: 0.000081 seconds.
  path: Assets/Textures/Button.png
  artifactKey: Guid(fbb9f039e73848f4880f29f3f816d8b5) Importer(815301076,1909f56bfc062723c751e8b465ee728b)
Start importing Assets/Textures/Button.png using Guid(fbb9f039e73848f4880f29f3f816d8b5) Importer(815301076,1909f56bfc062723c751e8b465ee728b) (PreviewImporter) -> (artifact id: 'a8712e91d0a8178f881ee7ca494291c3') in 0.0401392 seconds
Number of updated asset objects reloaded before import = 0Number of asset objects unloaded after import = 3

========================================================================
Received Import Request.
  Time since last request: 0.000040 seconds.
  path: Assets/Textures/LogoBackground.png
  artifactKey: Guid(6e2382d074e9ab54d8ec9c97d6e05759) Importer(815301076,1909f56bfc062723c751e8b465ee728b)
Start importing Assets/Textures/LogoBackground.png using Guid(6e2382d074e9ab54d8ec9c97d6e05759) Importer(815301076,1909f56bfc062723c751e8b465ee728b) (PreviewImporter) -> (artifact id: '0c15b6c1d581b9f80d36bfedd827c3f4') in 0.0786813 seconds
Number of updated asset objects reloaded before import = 0Number of asset objects unloaded after import = 3

========================================================================
Received Import Request.
  Time since last request: 0.000111 seconds.
  path: Assets/Textures/Background.png
  artifactKey: Guid(cccc02034d4897942ac823bbb13db65b) Importer(815301076,1909f56bfc062723c751e8b465ee728b)
Start importing Assets/Textures/Background.png using Guid(cccc02034d4897942ac823bbb13db65b) Importer(815301076,1909f56bfc062723c751e8b465ee728b) (PreviewImporter) -> (artifact id: '1efc02a8a9ddb9e33319be2c0db41526') in 0.0577003 seconds
Number of updated asset objects reloaded before import = 0Number of asset objects unloaded after import = 3

========================================================================
Received Import Request.
  Time since last request: 0.000056 seconds.
  path: Assets/Textures/Flag.png
  artifactKey: Guid(041db8998ab94ba46a669ac9d19d0e04) Importer(815301076,1909f56bfc062723c751e8b465ee728b)
Start importing Assets/Textures/Flag.png using Guid(041db8998ab94ba46a669ac9d19d0e04) Importer(815301076,1909f56bfc062723c751e8b465ee728b) (PreviewImporter) -> (artifact id: '8b2464f2cd701393f0f8e2239d73bd24') in 0.0431431 seconds
Number of updated asset objects reloaded before import = 0Number of asset objects unloaded after import = 3

========================================================================
Received Import Request.
  Time since last request: 0.567023 seconds.
  path: Assets/Textures/ThrusterParticles.mat
  artifactKey: Guid(a913e52dd8bd2494a8ea08fc1520e220) Importer(815301076,1909f56bfc062723c751e8b465ee728b)
Start importing Assets/Textures/ThrusterParticles.mat using Guid(a913e52dd8bd2494a8ea08fc1520e220) Importer(815301076,1909f56bfc062723c751e8b465ee728b) (PreviewImporter) -> (artifact id: '9b5657ccb71325a8ffb022c6a68a40bc') in 0.0327018 seconds
Number of updated asset objects reloaded before import = 0Number of asset objects unloaded after import = 1

========================================================================
Received Import Request.
  Time since last request: 0.000039 seconds.
  path: Assets/Textures/White.png
  artifactKey: Guid(9f42f61dbcdf6e440b641933be413677) Importer(815301076,1909f56bfc062723c751e8b465ee728b)
Start importing Assets/Textures/White.png using Guid(9f42f61dbcdf6e440b641933be413677) Importer(815301076,1909f56bfc062723c751e8b465ee728b) (PreviewImporter) -> (artifact id: '710ace908607eb6879a1ef9015d7c276') in 0.029609 seconds
Number of updated asset objects reloaded before import = 0Number of asset objects unloaded after import = 3

========================================================================
Received Import Request.
  Time since last request: 21904.897914 seconds.
  path: Assets/Textures
  artifactKey: Guid(d5a810bb42d9f3249acb0c1690da37e4) Importer(815301076,1909f56bfc062723c751e8b465ee728b)
Start importing Assets/Textures using Guid(d5a810bb42d9f3249acb0c1690da37e4) Importer(815301076,1909f56bfc062723c751e8b465ee728b) (PreviewImporter) -> (artifact id: '70a4573b132a7059a9f168f97fc5b9ee') in 0.0087525 seconds
Number of updated asset objects reloaded before import = 0Number of asset objects unloaded after import = 0

========================================================================
Received Import Request.
  Time since last request: 17.562080 seconds.
  path: Assets/Textures/UpgradeCoinIcon.png
  artifactKey: Guid(7d5e3790d65c71f48acbacc5ee904311) Importer(815301076,1909f56bfc062723c751e8b465ee728b)
Start importing Assets/Textures/UpgradeCoinIcon.png using Guid(7d5e3790d65c71f48acbacc5ee904311) Importer(815301076,1909f56bfc062723c751e8b465ee728b) (PreviewImporter) -> (artifact id: '42e24d10ff567cf71fe45f4690fdccd6') in 0.1332815 seconds
Number of updated asset objects reloaded before import = 0Number of asset objects unloaded after import = 3

========================================================================
Received Import Request.
  Time since last request: 0.000043 seconds.
  path: Assets/Textures/UpgradeSpeedIcon.png
  artifactKey: Guid(e2b8177d53a6ee74f9aaad767e05fd10) Importer(815301076,1909f56bfc062723c751e8b465ee728b)
Start importing Assets/Textures/UpgradeSpeedIcon.png using Guid(e2b8177d53a6ee74f9aaad767e05fd10) Importer(815301076,1909f56bfc062723c751e8b465ee728b) (PreviewImporter) -> (artifact id: '53c8b8c67bf45ef9b4bdbedc7c1d7b49') in 0.0397656 seconds
Number of updated asset objects reloaded before import = 0Number of asset objects unloaded after import = 3

========================================================================
Received Import Request.
  Time since last request: 37.509130 seconds.
  path: Assets/Textures/BetterFuelIcon.png
  artifactKey: Guid(24ff8fd3eb17650439c5ab50075cf37e) Importer(815301076,1909f56bfc062723c751e8b465ee728b)
Start importing Assets/Textures/BetterFuelIcon.png using Guid(24ff8fd3eb17650439c5ab50075cf37e) Importer(815301076,1909f56bfc062723c751e8b465ee728b) (PreviewImporter) -> (artifact id: '718ad9653868494fb7049a6ae4c4cedc') in 0.0442365 seconds
Number of updated asset objects reloaded before import = 0Number of asset objects unloaded after import = 3

========================================================================
Received Import Request.
  Time since last request: 79.733178 seconds.
  path: Assets/Textures/UpgradeCoinIcon.png
  artifactKey: Guid(7d5e3790d65c71f48acbacc5ee904311) Importer(815301076,1909f56bfc062723c751e8b465ee728b)
Start importing Assets/Textures/UpgradeCoinIcon.png using Guid(7d5e3790d65c71f48acbacc5ee904311) Importer(815301076,1909f56bfc062723c751e8b465ee728b) (PreviewImporter) -> (artifact id: 'eb732cbc08ed026e9db73e6b623b901c') in 0.0499134 seconds
Number of updated asset objects reloaded before import = 0Number of asset objects unloaded after import = 3

========================================================================
Received Import Request.
  Time since last request: 0.000067 seconds.
  path: Assets/Textures/UpgradeSpeedIcon.png
  artifactKey: Guid(e2b8177d53a6ee74f9aaad767e05fd10) Importer(815301076,1909f56bfc062723c751e8b465ee728b)
Start importing Assets/Textures/UpgradeSpeedIcon.png using Guid(e2b8177d53a6ee74f9aaad767e05fd10) Importer(815301076,1909f56bfc062723c751e8b465ee728b) (PreviewImporter) -> (artifact id: 'fad57ed84116536e8a5a159c74e4a766') in 0.039361 seconds
Number of updated asset objects reloaded before import = 0Number of asset objects unloaded after import = 3

========================================================================
Received Import Request.
  Time since last request: 2.164665 seconds.
  path: Assets/Textures/BetterFuelIcon.png
  artifactKey: Guid(24ff8fd3eb17650439c5ab50075cf37e) Importer(815301076,1909f56bfc062723c751e8b465ee728b)
Start importing Assets/Textures/BetterFuelIcon.png using Guid(24ff8fd3eb17650439c5ab50075cf37e) Importer(815301076,1909f56bfc062723c751e8b465ee728b) (PreviewImporter) -> (artifact id: '72b68fba4759f4b614f03b98ae657fac') in 0.0522997 seconds
Number of updated asset objects reloaded before import = 0Number of asset objects unloaded after import = 3

========================================================================
Received Import Request.
  Time since last request: 1030.883459 seconds.
  path: Assets/CodeMonkeyFree/Fonts/consola SDF.asset
  artifactKey: Guid(630a51f818052a74da820c3da04b8207) Importer(815301076,1909f56bfc062723c751e8b465ee728b)
Start importing Assets/CodeMonkeyFree/Fonts/consola SDF.asset using Guid(630a51f818052a74da820c3da04b8207) Importer(815301076,1909f56bfc062723c751e8b465ee728b) (PreviewImporter) -> (artifact id: '02e8d7bc7e1d69b96136c5ae596fa5b9') in 0.0983512 seconds
Number of updated asset objects reloaded before import = 0Number of asset objects unloaded after import = 4

========================================================================
Received Import Request.
  Time since last request: 0.000072 seconds.
  path: Assets/TextMesh Pro/Resources/Fonts & Materials/LiberationSans SDF - Fallback.asset
  artifactKey: Guid(2e498d1c8094910479dc3e1b768306a4) Importer(815301076,1909f56bfc062723c751e8b465ee728b)
Start importing Assets/TextMesh Pro/Resources/Fonts & Materials/LiberationSans SDF - Fallback.asset using Guid(2e498d1c8094910479dc3e1b768306a4) Importer(815301076,1909f56bfc062723c751e8b465ee728b) (PreviewImporter) -> (artifact id: '2a474288b4863f790154dd5775a504a5') in 0.0598673 seconds
Number of updated asset objects reloaded before import = 0Number of asset objects unloaded after import = 6

========================================================================
Received Import Request.
  Time since last request: 0.000057 seconds.
  path: Assets/TextMesh Pro/Resources/Fonts & Materials/LiberationSans SDF.asset
  artifactKey: Guid(8f586378b4e144a9851e7b34d9b748ee) Importer(815301076,1909f56bfc062723c751e8b465ee728b)
Start importing Assets/TextMesh Pro/Resources/Fonts & Materials/LiberationSans SDF.asset using Guid(8f586378b4e144a9851e7b34d9b748ee) Importer(815301076,1909f56bfc062723c751e8b465ee728b) (PreviewImporter) -> (artifact id: '736849c60842b97f6ee8d173e12611fb') in 0.080229 seconds
Number of updated asset objects reloaded before import = 0Number of asset objects unloaded after import = 9

========================================================================
Received Import Request.
  Time since last request: 675.213892 seconds.
  path: Assets/Prefabs/ItemPrefab/ItemButton.prefab
  artifactKey: Guid(7d42069f623ec6b4896f91d2e078dcb9) Importer(815301076,1909f56bfc062723c751e8b465ee728b)
Start importing Assets/Prefabs/ItemPrefab/ItemButton.prefab using Guid(7d42069f623ec6b4896f91d2e078dcb9) Importer(815301076,1909f56bfc062723c751e8b465ee728b) (PreviewImporter) -> (artifact id: '5f07d6e6073c522c8d9d4183b98d3747') in 0.0862 seconds
Number of updated asset objects reloaded before import = 0Number of asset objects unloaded after import = 23

========================================================================
Received Import Request.
  Time since last request: 158.575555 seconds.
  path: Assets/Textures/BetterFuelIcon.png
  artifactKey: Guid(24ff8fd3eb17650439c5ab50075cf37e) Importer(815301076,1909f56bfc062723c751e8b465ee728b)
Start importing Assets/Textures/BetterFuelIcon.png using Guid(24ff8fd3eb17650439c5ab50075cf37e) Importer(815301076,1909f56bfc062723c751e8b465ee728b) (PreviewImporter) -> (artifact id: 'd1d8d918a2f54f00121fa4d31298bd11') in 0.0536582 seconds
Number of updated asset objects reloaded before import = 0Number of asset objects unloaded after import = 3

========================================================================
Received Import Request.
  Time since last request: 121.949303 seconds.
  path: Assets/Textures/UpgradeCoinIcon.png
  artifactKey: Guid(7d5e3790d65c71f48acbacc5ee904311) Importer(815301076,1909f56bfc062723c751e8b465ee728b)
Start importing Assets/Textures/UpgradeCoinIcon.png using Guid(7d5e3790d65c71f48acbacc5ee904311) Importer(815301076,1909f56bfc062723c751e8b465ee728b) (PreviewImporter) -> (artifact id: 'eb62fa612a77e584fed354c54ff7ab9c') in 0.0391967 seconds
Number of updated asset objects reloaded before import = 0Number of asset objects unloaded after import = 3

========================================================================
Received Prepare
Assembly reference Packages/com.unity.cinemachine/Editor/Samples/ExposeHDRPInternals/HDRP-Editor-ref.asmref has no target assembly definition
Assembly reference Packages/com.unity.cinemachine/Editor/Samples/ExposeHDRPInternals/HDRP-Editor-ref.asmref has no target assembly definition
Begin MonoManager ReloadAssembly
[Licensing::Client] Successfully resolved entitlement details
[Licensing::Module] License group:
  Id: F4-RVRV-NQZN-7WZ2-Q87B-XXXX
  Product: Unity Personal
  Type: ULF
  Expiration: 2025-11-17T09:02:15Z
[Licensing::Module] License group:
  Id: 18968236159782-UnityPersXXXX
  Product: Unity Personal
  Type: Assigned
  Expiration: Unlimited
- Loaded All Assemblies, in  2.583 seconds
Assembly reference Packages/com.unity.cinemachine/Editor/Samples/ExposeHDRPInternals/HDRP-Editor-ref.asmref has no target assembly definition
'Packages/com.unity.cinemachine/Editor/Obsolete/CinemachineVirtualCameraBaseEditor.cs' contains partial class of Unity.Object, exactly 1 of the partial classes needs to be in a file with the same filename. This is to know the one that can be referenced from ie. GameObjects
'Packages/com.unity.cinemachine/Editor/Editors/CinemachineVirtualCameraBaseEditor.cs' contains partial class of Unity.Object, exactly 1 of the partial classes needs to be in a file with the same filename. This is to know the one that can be referenced from ie. GameObjects
Refreshing native plugins compatible for Editor in 2.83 ms, found 4 plugins.
Native extension for WindowsStandalone target not found
Assembly reference Packages/com.unity.cinemachine/Editor/Samples/ExposeHDRPInternals/HDRP-Editor-ref.asmref has no target assembly definition
[Package Manager] Failed to launch server process. Reason: Unity was launched with the -noUpm command-line argument
[Package Manager] Unable to send message (not connected to server process).
[Package Manager] Cannot connect to Unity Package Manager local server
[Package Manager] Failed to launch server process. Reason: Unity was launched with the -noUpm command-line argument
[Package Manager] Unable to send message (not connected to server process).
[Package Manager] Cannot connect to Unity Package Manager local server
Mono: successfully reloaded assembly
- Finished resetting the current domain, in  2.164 seconds
Domain Reload Profiling: 4779ms
	BeginReloadAssembly (995ms)
		ExecutionOrderSort (1ms)
		DisableScriptedObjects (187ms)
		BackupInstance (0ms)
		ReleaseScriptingObjects (2ms)
		CreateAndSetChildDomain (315ms)
	RebuildCommonClasses (85ms)
	RebuildNativeTypeToScriptingClass (39ms)
	initialDomainReloadingComplete (71ms)
	LoadAllAssembliesAndSetupDomain (1425ms)
		LoadAssemblies (1094ms)
		RebuildTransferFunctionScriptingTraits (0ms)
		AnalyzeDomain (588ms)
			TypeCache.Refresh (21ms)
				TypeCache.ScanAssembly (0ms)
			BuildScriptInfoCaches (520ms)
			ResolveRequiredComponents (28ms)
	FinalizeReload (2166ms)
		ReleaseScriptCaches (0ms)
		RebuildScriptCaches (0ms)
		SetupLoadedEditorAssemblies (1722ms)
			LogAssemblyErrors (0ms)
			InitializePlatformSupportModulesInManaged (4ms)
			SetLoadedEditorAssemblies (9ms)
			BeforeProcessingInitializeOnLoad (400ms)
			ProcessInitializeOnLoadAttributes (962ms)
			ProcessInitializeOnLoadMethodAttributes (339ms)
			AfterProcessingInitializeOnLoad (6ms)
			EditorAssembliesLoaded (3ms)
		ExecutionOrderSort2 (0ms)
		AwakeInstancesAfterBackupRestoration (68ms)
Shader Hidden/ProbeVolume/VoxelizeScene is not supported: GPU does not support conservative rasterization
Refreshing native plugins compatible for Editor in 40.76 ms, found 4 plugins.
Preloading 0 native plugins for Editor in 0.00 ms.
Unloading 15 Unused Serialized files (Serialized files now loaded: 0)
Unloading 7155 unused Assets / (5.4 MB). Loaded Objects now: 7977.
Memory consumption went from 142.5 MB to 137.1 MB.
Total: 79.851600 ms (FindLiveObjects: 5.077900 ms CreateObjectMapping: 3.414400 ms MarkObjects: 21.594100 ms  DeleteObjects: 49.759700 ms)

Prepare: number of updated asset objects reloaded= 0
========================================================================
Received Prepare
Assembly reference Packages/com.unity.cinemachine/Editor/Samples/ExposeHDRPInternals/HDRP-Editor-ref.asmref has no target assembly definition
Assembly reference Packages/com.unity.cinemachine/Editor/Samples/ExposeHDRPInternals/HDRP-Editor-ref.asmref has no target assembly definition
Begin MonoManager ReloadAssembly
[Licensing::Client] Successfully resolved entitlement details
[Licensing::Module] License group:
  Id: F4-RVRV-NQZN-7WZ2-Q87B-XXXX
  Product: Unity Personal
  Type: ULF
  Expiration: 2025-11-17T09:02:15Z
[Licensing::Module] License group:
  Id: 18968236159782-UnityPersXXXX
  Product: Unity Personal
  Type: Assigned
  Expiration: Unlimited
- Loaded All Assemblies, in  1.635 seconds
Assembly reference Packages/com.unity.cinemachine/Editor/Samples/ExposeHDRPInternals/HDRP-Editor-ref.asmref has no target assembly definition
'Packages/com.unity.cinemachine/Editor/Obsolete/CinemachineVirtualCameraBaseEditor.cs' contains partial class of Unity.Object, exactly 1 of the partial classes needs to be in a file with the same filename. This is to know the one that can be referenced from ie. GameObjects
'Packages/com.unity.cinemachine/Editor/Editors/CinemachineVirtualCameraBaseEditor.cs' contains partial class of Unity.Object, exactly 1 of the partial classes needs to be in a file with the same filename. This is to know the one that can be referenced from ie. GameObjects
Refreshing native plugins compatible for Editor in 2.85 ms, found 4 plugins.
Native extension for WindowsStandalone target not found
Assembly reference Packages/com.unity.cinemachine/Editor/Samples/ExposeHDRPInternals/HDRP-Editor-ref.asmref has no target assembly definition
[Package Manager] Failed to launch server process. Reason: Unity was launched with the -noUpm command-line argument
[Package Manager] Unable to send message (not connected to server process).
[Package Manager] Cannot connect to Unity Package Manager local server
[Package Manager] Failed to launch server process. Reason: Unity was launched with the -noUpm command-line argument
[Package Manager] Unable to send message (not connected to server process).
[Package Manager] Cannot connect to Unity Package Manager local server
Mono: successfully reloaded assembly
- Finished resetting the current domain, in  1.790 seconds
Domain Reload Profiling: 3429ms
	BeginReloadAssembly (475ms)
		ExecutionOrderSort (0ms)
		DisableScriptedObjects (44ms)
		BackupInstance (0ms)
		ReleaseScriptingObjects (0ms)
		CreateAndSetChildDomain (101ms)
	RebuildCommonClasses (69ms)
	RebuildNativeTypeToScriptingClass (26ms)
	initialDomainReloadingComplete (52ms)
	LoadAllAssembliesAndSetupDomain (1016ms)
		LoadAssemblies (711ms)
		RebuildTransferFunctionScriptingTraits (0ms)
		AnalyzeDomain (500ms)
			TypeCache.Refresh (12ms)
				TypeCache.ScanAssembly (0ms)
			BuildScriptInfoCaches (457ms)
			ResolveRequiredComponents (25ms)
	FinalizeReload (1791ms)
		ReleaseScriptCaches (0ms)
		RebuildScriptCaches (0ms)
		SetupLoadedEditorAssemblies (1413ms)
			LogAssemblyErrors (0ms)
			InitializePlatformSupportModulesInManaged (3ms)
			SetLoadedEditorAssemblies (8ms)
			BeforeProcessingInitializeOnLoad (366ms)
			ProcessInitializeOnLoadAttributes (862ms)
			ProcessInitializeOnLoadMethodAttributes (166ms)
			AfterProcessingInitializeOnLoad (6ms)
			EditorAssembliesLoaded (1ms)
		ExecutionOrderSort2 (0ms)
		AwakeInstancesAfterBackupRestoration (46ms)
Shader Hidden/ProbeVolume/VoxelizeScene is not supported: GPU does not support conservative rasterization
Refreshing native plugins compatible for Editor in 5.44 ms, found 4 plugins.
Preloading 0 native plugins for Editor in 0.00 ms.
Unloading 15 Unused Serialized files (Serialized files now loaded: 0)
Unloading 7153 unused Assets / (4.8 MB). Loaded Objects now: 7979.
Memory consumption went from 142.4 MB to 137.6 MB.
Total: 35.393900 ms (FindLiveObjects: 3.399800 ms CreateObjectMapping: 3.335000 ms MarkObjects: 18.492900 ms  DeleteObjects: 10.163900 ms)

Prepare: number of updated asset objects reloaded= 0
